/opt/conda/envs/env/opt/quast-5.0.2/quast.py --threads 8 --colors #E31A1C --ls solid --no-check-meta --contig-thresholds 1000,5000,10000,25000,50000 -t 8 /home/shared/quast_results/quast_corrected_input/assembly_not_aligned_anywhere.fasta -o /home/shared/quast_results/not_aligned --labels assembly

Started: 2020-09-26 15:10:04

Logging to /home/shared/quast_results/not_aligned/quast.log

CWD: /home/shared
Main parameters: 
  MODE: meta, threads: 8, minimum contig length: 500, minimum alignment length: 65, ambiguity: one, \
  threshold for extensive misassembly size: 1000

Contigs:
  Pre-processing...
  /home/shared/quast_results/quast_corrected_input/assembly_not_aligned_anywhere.fasta ==> assembly

2020-09-26 15:10:06
Running Basic statistics processor...
  Contig files: 
    assembly
  Calculating N50 and L50...
    assembly, N50 = 311027, L50 = 30, Total length = 31635727, GC % = 44.62, # N's per 100 kbp =  0.63
  Drawing Nx plot...
    saved to /home/shared/quast_results/not_aligned/basic_stats/Nx_plot.pdf
  Drawing cumulative plot...
    saved to /home/shared/quast_results/not_aligned/basic_stats/cumulative_plot.pdf
  Drawing GC content plot...
    saved to /home/shared/quast_results/not_aligned/basic_stats/GC_content_plot.pdf
  Drawing assembly GC content plot...
    saved to /home/shared/quast_results/not_aligned/basic_stats/assembly_GC_content_plot.pdf
Done.

NOTICE: Genes are not predicted by default. Use --gene-finding or --glimmer option to enable it.

2020-09-26 15:10:09
Creating large visual summaries...
This may take a while: press Ctrl-C to skip this step..
  1 of 2: Creating Icarus viewers...
  2 of 2: Creating PDF with all tables and plots...
Done

2020-09-26 15:10:10
RESULTS:
  Text versions of total report are saved to /home/shared/quast_results/not_aligned/report.txt, report.tsv, and report.tex
  Text versions of transposed total report are saved to /home/shared/quast_results/not_aligned/transposed_report.txt, transposed_report.tsv, and transposed_report.tex
  HTML version (interactive tables and plots) is saved to /home/shared/quast_results/not_aligned/report.html
  PDF version (tables and plots) is saved to /home/shared/quast_results/not_aligned/report.pdf
  Icarus (contig browser) is saved to /home/shared/quast_results/not_aligned/icarus.html
