/opt/conda/envs/env/opt/quast-5.0.2/quast.py --threads 8 --colors #E31A1C --ls solid --no-check-meta --contig-thresholds 1000,5000,10000,25000,50000 --memory-efficient -t 1 /home/shared/quast_results/quast_corrected_input/assembly_to_Staphylococcus_aureus_complete_genome.fasta -R /home/shared/quast_results/quast_corrected_input/Staphylococcus_aureus_complete_genome.fasta -o /home/shared/quast_results/runs_per_reference/Staphylococcus_aureus_complete_genome --labels assembly

Started: 2020-09-26 15:09:41

Logging to /home/shared/quast_results/runs_per_reference/Staphylococcus_aureus_complete_genome/quast.log

CWD: /home/shared
Main parameters: 
  MODE: meta, threads: 1, minimum contig length: 500, minimum alignment length: 65, ambiguity: one, \
  threshold for extensive misassembly size: 1000

Reference:
  /home/shared/quast_results/quast_corrected_input/Staphylococcus_aureus_complete_genome.fasta ==> Staphylococcus_aureus_complete_genome

Contigs:
  Pre-processing...
  /home/shared/quast_results/quast_corrected_input/assembly_to_Staphylococcus_aureus_complete_genome.fasta ==> assembly

2020-09-26 15:09:42
Running Basic statistics processor...
  Reference genome:
    Staphylococcus_aureus_complete_genome.fasta, length = 2730326, num fragments = 4, GC % = 32.85
  Contig files: 
    assembly
  Calculating N50 and L50...
    assembly, N50 = 4031312, L50 = 1, Total length = 6767661, GC % = 39.45, # N's per 100 kbp =  0.00
  Drawing Nx plot...
    saved to /home/shared/quast_results/runs_per_reference/Staphylococcus_aureus_complete_genome/basic_stats/Nx_plot.pdf
  Drawing NGx plot...
    saved to /home/shared/quast_results/runs_per_reference/Staphylococcus_aureus_complete_genome/basic_stats/NGx_plot.pdf
  Drawing cumulative plot...
    saved to /home/shared/quast_results/runs_per_reference/Staphylococcus_aureus_complete_genome/basic_stats/cumulative_plot.pdf
  Drawing GC content plot...
    saved to /home/shared/quast_results/runs_per_reference/Staphylococcus_aureus_complete_genome/basic_stats/GC_content_plot.pdf
  Drawing assembly GC content plot...
    saved to /home/shared/quast_results/runs_per_reference/Staphylococcus_aureus_complete_genome/basic_stats/assembly_GC_content_plot.pdf
Done.

2020-09-26 15:09:45
Running Contig analyzer...
  assembly
  Logging to files /home/shared/quast_results/runs_per_reference/Staphylococcus_aureus_complete_genome/contigs_reports/contigs_report_assembly.stdout and contigs_report_assembly.stderr...
  Aligning contigs to the reference
  /opt/conda/envs/env/lib/python3.6/site-packages/quast_libs/minimap2/minimap2 -c \
  -x asm5 -B5 -O4,16 --no-long-join -r 85 -N 50 -s 65 -z 200 --mask-level 0.9 --min-occ \
  200 -g 2500 --score-N 2 --cs -t 1 quast_results/quast_corrected_input/Staphylococcus_aureus_complete_genome.fasta \
  quast_results/quast_corrected_input/assembly_to_Staphylococcus_aureus_complete_genome.fasta \
  > quast_results/runs_per_reference/Staphylococcus_aureus_complete_genome/contigs_reports/minimap_output/assembly.coords_tmp \
  2>> quast_results/runs_per_reference/Staphylococcus_aureus_complete_genome/contigs_reports/contigs_report_assembly.stderr
  Analysis is finished.

  Creating total report...
    saved to /home/shared/quast_results/runs_per_reference/Staphylococcus_aureus_complete_genome/contigs_reports/misassemblies_report.txt, misassemblies_report.tsv, and misassemblies_report.tex
  Transposed version of total report...
    saved to /home/shared/quast_results/runs_per_reference/Staphylococcus_aureus_complete_genome/contigs_reports/transposed_report_misassemblies.txt, transposed_report_misassemblies.tsv, and transposed_report_misassemblies.tex
  Creating total report...
    saved to /home/shared/quast_results/runs_per_reference/Staphylococcus_aureus_complete_genome/contigs_reports/unaligned_report.txt, unaligned_report.tsv, and unaligned_report.tex
  Drawing misassemblies by types plot...
    saved to /home/shared/quast_results/runs_per_reference/Staphylococcus_aureus_complete_genome/contigs_reports/misassemblies_plot.pdf
  Drawing misassemblies FRCurve plot...
    saved to /home/shared/quast_results/runs_per_reference/Staphylococcus_aureus_complete_genome/contigs_reports/misassemblies_frcurve_plot.pdf
Done.

2020-09-26 15:09:50
Running NA-NGA calculation...
  assembly, Largest alignment = 2718270, NA50 = None, NGA50 = 2718270, LA50 = None, LGA50 = 1
  Drawing cumulative plot...
    saved to /home/shared/quast_results/runs_per_reference/Staphylococcus_aureus_complete_genome/aligned_stats/cumulative_plot.pdf
  Drawing NAx plot...
    saved to /home/shared/quast_results/runs_per_reference/Staphylococcus_aureus_complete_genome/aligned_stats/NAx_plot.pdf
  Drawing NGAx plot...
    saved to /home/shared/quast_results/runs_per_reference/Staphylococcus_aureus_complete_genome/aligned_stats/NGAx_plot.pdf
Done.

2020-09-26 15:09:51
Running Genome analyzer...
  NOTICE: No file with genomic features were provided. Use the --features option if you want to specify it.

  NOTICE: No file with operons were provided. Use the -O option if you want to specify it.
  assembly
  Analysis is finished.
  Skipping drawing Genome fraction, % histogram... (less than 2 columns histogram makes no sense)
Done.

NOTICE: Genes are not predicted by default. Use --gene-finding or --glimmer option to enable it.

2020-09-26 15:09:54
Creating large visual summaries...
This may take a while: press Ctrl-C to skip this step..
  1 of 2: Creating Icarus viewers...
  2 of 2: Creating PDF with all tables and plots...
Done

2020-09-26 15:09:57
RESULTS:
  Text versions of total report are saved to /home/shared/quast_results/runs_per_reference/Staphylococcus_aureus_complete_genome/report.txt, report.tsv, and report.tex
  Text versions of transposed total report are saved to /home/shared/quast_results/runs_per_reference/Staphylococcus_aureus_complete_genome/transposed_report.txt, transposed_report.tsv, and transposed_report.tex
  HTML version (interactive tables and plots) is saved to /home/shared/quast_results/runs_per_reference/Staphylococcus_aureus_complete_genome/report.html
  PDF version (tables and plots) is saved to /home/shared/quast_results/runs_per_reference/Staphylococcus_aureus_complete_genome/report.pdf
  Icarus (contig browser) is saved to /home/shared/quast_results/runs_per_reference/Staphylococcus_aureus_complete_genome/icarus.html
