Aligning contigs to reference...
	Aligning contigs to the reference
Filtering alignments...
Parsing coords...
Loading reference...
	Loaded [Pseudomonas_aeruginosa_complete_genome_Pseudomonas_aeruginosa_complete_genome_Pseudomonas_aeruginosa_complete_genome]
	Total Regions: 1
	Total Region Length: 6792330
Analyzing contigs...
CONTIG: contig_123 (6789858bp)
Best alignment score: 3843322.4 (LEN: 3845245, IDY: 99.95), Total number of alignments: 4
			Looking for the best set of alignments (out of 4 total alignments)
			Skipping redundant alignments after choosing the best set of alignments
		Skipping redundant alignment 3978697 3981936 | 417305 420542 | 3240 3238 | 98.86 | Pseudomonas_aeruginosa_complete_genome_Pseudomonas_aeruginosa_complete_genome_Pseudomonas_aeruginosa_complete_genome contig_123
			The best set is below. Score: 6786456.9, number of alignments: 3, unaligned bases: 0
		This contig is misassembled.
			Real Alignment 1: 1 418523 | 418382 1 | 418523 418382 | 99.96 | Pseudomonas_aeruginosa_complete_genome_Pseudomonas_aeruginosa_complete_genome_Pseudomonas_aeruginosa_complete_genome contig_123
			  Not a misassembly [linear representation of circular genome] between these two alignments
			Excluding internal overlap of size 355 between Alignment 2 and 3: 418524 2945990 | 6789858 4263273 | 2527467 2526586 --> 418524 2945635 | 6789858 4263628 | 2527112 2526231
			Real Alignment 2: 2945738 6792330 | 4263627 418383 | 3846593 3845245 | 99.95 | Pseudomonas_aeruginosa_complete_genome_Pseudomonas_aeruginosa_complete_genome_Pseudomonas_aeruginosa_complete_genome contig_123
			  Gap between these two alignments (local misassembly). Inconsistency = 102
			Real Alignment 3: 418524 2945635 | 6789858 4263628 | 2527112 2526231 | 99.95 | Pseudomonas_aeruginosa_complete_genome_Pseudomonas_aeruginosa_complete_genome_Pseudomonas_aeruginosa_complete_genome contig_123

Analyzing coverage...
Writing SNPs into /home/shared/quast_results/runs_per_reference/Pseudomonas_aeruginosa_complete_genome/contigs_reports/minimap_output/assembly.used_snps.gz

Analysis is finished!
Founded SNPs were written into /home/shared/quast_results/runs_per_reference/Pseudomonas_aeruginosa_complete_genome/contigs_reports/minimap_output/assembly.used_snps.gz

Results:
	Local Misassemblies: 1
	Misassemblies: 0
		Relocations: 0
		Translocations: 0
		Inversions: 0
	Scaffold gap extensive misassemblies: 0
	Scaffold gap local misassemblies: 0
	Misassembled Contigs: 0
	Misassembled Contig Bases: 0
	Misassemblies Inter-Contig Overlap: 0
Unaligned Contigs: 0 + 0 part
Half Unaligned Contigs with Misassemblies: 0
Unaligned Contig Bases: 0

Ambiguously Mapped Contigs: 0
Total Bases in Ambiguously Mapped Contigs: 0
Extra Bases in Ambiguously Mapped Contigs: 0
Note that --allow-ambiguity option was set to "one" and only first alignment per each of these contigs was used.

	Covered Bases: 6792228

	SNPs: 716
	Insertions: 55
	Deletions: 2425

