Aligning contigs to reference...
	Aligning contigs to the reference
Filtering alignments...
Parsing coords...
Loading reference...
	Loaded [Listeria_monocytogenes_complete_genome_Listeria_monocytogenes_complete_genome_Listeria_monocytogenes_complete_genome]
	Total Regions: 1
	Total Region Length: 2992342
Analyzing contigs...
CONTIG: contig_132 (49993bp)
Best alignment score: 13033.0 (LEN: 13050, IDY: 99.87), Total number of alignments: 1
			Looking for the best set of alignments (out of 1 total alignments)
			The best set is below. Score: 13033.0, number of alignments: 1, unaligned bases: 36943
		This contig is partially unaligned. (Aligned 13050 out of 49993 non-N bases (26.10%))
		Alignment: 295551 308589 | 19382 32431 | 13039 13050 | 99.87 | Listeria_monocytogenes_complete_genome_Listeria_monocytogenes_complete_genome_Listeria_monocytogenes_complete_genome contig_132
		Unaligned bases: 1 to 19381 (19381)
		Unaligned bases: 32432 to 49993 (17562)

CONTIG: contig_424 (35746bp)
Best alignment score: 35724.6 (LEN: 35746, IDY: 99.94), Total number of alignments: 1
		One align captures most of this contig: 2245843 2281609 | 35746 1 | 35767 35746 | 99.94 | Listeria_monocytogenes_complete_genome_Listeria_monocytogenes_complete_genome_Listeria_monocytogenes_complete_genome contig_424

CONTIG: contig_43 (2998930bp)
Best alignment score: 1228631.3 (LEN: 1229000, IDY: 99.97), Total number of alignments: 4
			Looking for the best set of alignments (out of 4 total alignments)
			The best set is below. Score: 2996900.9, number of alignments: 4, unaligned bases: 868
		This contig is misassembled.
		This contig is partially unaligned. (Aligned 2998062 out of 2998930 non-N bases (99.97%))
			Real Alignment 1: 2259076 2992342 | 1 733037 | 733267 733037 | 99.96 | Listeria_monocytogenes_complete_genome_Listeria_monocytogenes_complete_genome_Listeria_monocytogenes_complete_genome contig_43
			  Not a misassembly [linear representation of circular genome] between these two alignments
			Real Alignment 2: 1 1229349 | 733038 1962037 | 1229349 1229000 | 99.97 | Listeria_monocytogenes_complete_genome_Listeria_monocytogenes_complete_genome_Listeria_monocytogenes_complete_genome contig_43
			  Gap between these two alignments (local misassembly). Inconsistency = 0
			Excluding internal overlap of size 681 between Alignment 3 and 4: 1230218 1415027 | 1962906 2147658 | 184810 184753 --> 1230218 1414346 | 1962906 2146977 | 184129 184072
			Real Alignment 3: 1230218 1414346 | 1962906 2146977 | 184129 184072 | 99.94 | Listeria_monocytogenes_complete_genome_Listeria_monocytogenes_complete_genome_Listeria_monocytogenes_complete_genome contig_43
			  Gap between these two alignments (local misassembly). Inconsistency = 204
			Real Alignment 4: 1414551 2266815 | 2146978 2998930 | 852265 851953 | 99.96 | Listeria_monocytogenes_complete_genome_Listeria_monocytogenes_complete_genome_Listeria_monocytogenes_complete_genome contig_43
		Unaligned bases: 868

CONTIG: contig_442 (18127bp)
Best alignment score: 2197.1 (LEN: 2222, IDY: 98.88), Total number of alignments: 1
			Looking for the best set of alignments (out of 1 total alignments)
			The best set is below. Score: 2197.1, number of alignments: 1, unaligned bases: 15905
		This contig is partially unaligned. (Aligned 2222 out of 18127 non-N bases (12.26%))
		Alignment: 1561140 1563354 | 2222 1 | 2215 2222 | 98.88 | Listeria_monocytogenes_complete_genome_Listeria_monocytogenes_complete_genome_Listeria_monocytogenes_complete_genome contig_442
		Unaligned bases: 2223 to 18127 (15905)

Analyzing coverage...
Writing SNPs into /home/shared/quast_results/runs_per_reference/Listeria_monocytogenes_complete_genome/contigs_reports/minimap_output/assembly.used_snps.gz

Analysis is finished!
Founded SNPs were written into /home/shared/quast_results/runs_per_reference/Listeria_monocytogenes_complete_genome/contigs_reports/minimap_output/assembly.used_snps.gz

Results:
	Local Misassemblies: 2
	Misassemblies: 0
		Relocations: 0
		Translocations: 0
		Inversions: 0
	Scaffold gap extensive misassemblies: 0
	Scaffold gap local misassemblies: 0
	Misassembled Contigs: 0
	Misassembled Contig Bases: 0
	Misassemblies Inter-Contig Overlap: 0
Unaligned Contigs: 0 + 3 part
Half Unaligned Contigs with Misassemblies: 0
Unaligned Contig Bases: 53716

Ambiguously Mapped Contigs: 0
Total Bases in Ambiguously Mapped Contigs: 0
Extra Bases in Ambiguously Mapped Contigs: 0
Note that --allow-ambiguity option was set to "one" and only first alignment per each of these contigs was used.

	Covered Bases: 2991270

	SNPs: 81
	Insertions: 39
	Deletions: 990

