/opt/conda/envs/env/opt/quast-5.0.2/quast.py --threads 8 --combined-ref --colors #E31A1C --ls solid --ambiguity-usage all assembly.fasta -R /home/shared/quast_results/quast_corrected_input/combined_reference.fasta -o /home/shared/quast_results/combined_reference --labels assembly

Started: 2020-09-26 15:08:35

Logging to /home/shared/quast_results/combined_reference/quast.log

CWD: /home/shared
Main parameters: 
  MODE: meta, threads: 8, minimum contig length: 500, minimum alignment length: 65, ambiguity: all, \
  threshold for extensive misassembly size: 1000

Reference:
  /home/shared/quast_results/quast_corrected_input/combined_reference.fasta ==> combined_reference

Contigs:
  Pre-processing...
  assembly.fasta ==> assembly

2020-09-26 15:08:42
Running Basic statistics processor...
  Reference genome:
    combined_reference.fasta, length = 30946587, num fragments = 12, GC % = 49.49
  Contig files: 
    assembly
  Calculating N50 and L50...
    assembly, N50 = 930943, L50 = 9, Total length = 62975800, GC % = 47.02, # N's per 100 kbp =  0.32
  Drawing Nx plot...
    saved to /home/shared/quast_results/combined_reference/basic_stats/Nx_plot.pdf
  Drawing cumulative plot...
    saved to /home/shared/quast_results/combined_reference/basic_stats/cumulative_plot.pdf
  Drawing GC content plot...
    saved to /home/shared/quast_results/combined_reference/basic_stats/GC_content_plot.pdf
  Drawing assembly GC content plot...
    saved to /home/shared/quast_results/combined_reference/basic_stats/assembly_GC_content_plot.pdf
Done.

2020-09-26 15:08:53
Running Contig analyzer...
  assembly
  Logging to files /home/shared/quast_results/combined_reference/contigs_reports/contigs_report_assembly.stdout and contigs_report_assembly.stderr...
  Aligning contigs to the reference
  /opt/conda/envs/env/lib/python3.6/site-packages/quast_libs/minimap2/minimap2 -c \
  -x asm10 -B5 -O4,16 --no-long-join -r 85 -N 100 -s 65 -z 200 --mask-level 1 --min-occ \
  200 -g 2500 --score-N 2 --cs -t 8 quast_results/quast_corrected_input/combined_reference.fasta \
  quast_results/quast_corrected_input/assembly.fasta > quast_results/combined_reference/contigs_reports/minimap_output/assembly.coords_tmp \
  2>> quast_results/combined_reference/contigs_reports/contigs_report_assembly.stderr
  Alignments: quast_results/combined_reference/contigs_reports/alignments_assembly.tsv
  Analysis is finished.

  Information about interspecies translocations by references for assembly is saved to /home/shared/quast_results/combined_reference/contigs_reports/interspecies_translocations_by_refs_assembly.info
  Drawing Intergenomic misassemblies (found and supposed) metaQUAST summary plot...
    saved to /home/shared/quast_results/combined_reference/contigs_reports/intergenomic_misassemblies.pdf
  Creating total report...
    saved to /home/shared/quast_results/combined_reference/contigs_reports/misassemblies_report.txt, misassemblies_report.tsv, and misassemblies_report.tex
  Transposed version of total report...
    saved to /home/shared/quast_results/combined_reference/contigs_reports/transposed_report_misassemblies.txt, transposed_report_misassemblies.tsv, and transposed_report_misassemblies.tex
  Creating total report...
    saved to /home/shared/quast_results/combined_reference/contigs_reports/unaligned_report.txt, unaligned_report.tsv, and unaligned_report.tex
  Drawing misassemblies by types plot...
    saved to /home/shared/quast_results/combined_reference/contigs_reports/misassemblies_plot.pdf
  Drawing misassemblies FRCurve plot...
    saved to /home/shared/quast_results/combined_reference/contigs_reports/misassemblies_frcurve_plot.pdf
Done.

2020-09-26 15:09:15
Running NA-NGA calculation...
  assembly, Largest alignment = 6789858, NA50 = None, LA50 = None
  Drawing cumulative plot...
    saved to /home/shared/quast_results/combined_reference/aligned_stats/cumulative_plot.pdf
  Drawing NAx plot...
    saved to /home/shared/quast_results/combined_reference/aligned_stats/NAx_plot.pdf
Done.

2020-09-26 15:09:18
Running Genome analyzer...
  NOTICE: No file with genomic features were provided. Use the --features option if you want to specify it.

  NOTICE: No file with operons were provided. Use the -O option if you want to specify it.
  assembly
  Analysis is finished.
  Skipping drawing Genome fraction, % histogram... (less than 2 columns histogram makes no sense)
Done.

NOTICE: Genes are not predicted by default. Use --gene-finding or --glimmer option to enable it.

2020-09-26 15:09:36
Creating large visual summaries...
This may take a while: press Ctrl-C to skip this step..
  1 of 2: Creating Icarus viewers...
  2 of 2: Creating PDF with all tables and plots...
Done

2020-09-26 15:09:39
RESULTS:
  Text versions of total report are saved to /home/shared/quast_results/combined_reference/report.txt, report.tsv, and report.tex
  Text versions of transposed total report are saved to /home/shared/quast_results/combined_reference/transposed_report.txt, transposed_report.tsv, and transposed_report.tex
  HTML version (interactive tables and plots) is saved to /home/shared/quast_results/combined_reference/report.html
  PDF version (tables and plots) is saved to /home/shared/quast_results/combined_reference/report.pdf
  Icarus (contig browser) is saved to /home/shared/quast_results/combined_reference/icarus.html
